<?xml version="1.0" encoding="utf-8"?>
<TestRun id="0f25b119-0ae4-46a8-8c99-1b8b459f13c0" name="sashk@DESKTOP-965REKP 2026-04-28 00:39:40" runUser="DESKTOP-965REKP\sashk" xmlns="http://microsoft.com/schemas/VisualStudio/TeamTest/2010">
  <Times creation="2026-04-28T00:39:40.1455338+03:00" queuing="2026-04-28T00:39:40.1455338+03:00" start="2026-04-28T00:39:33.6477029+03:00" finish="2026-04-28T00:39:44.4019834+03:00" />
  <TestSettings name="default" id="39a63811-1904-4e79-898a-2b4ca86a90fd">
    <Deployment runDeploymentRoot="sashk_DESKTOP-965REKP_2026-04-28_00_39_40" />
  </TestSettings>
  <Results>
    <UnitTestResult executionId="256979f7-7e73-4673-afc1-30b3826fafca" testId="19c073f6-b690-3b75-7ae8-fcfd4e7ff9b5" testName="SmartphoneStore.OrchestratorTests.TabletSmartphone.TabletSmartphoneOrchestratorTests.CreateLinkAsync_ShouldThrowEntityNotFoundException_WhenTabletDoesNotExist" computerName="DESKTOP-965REKP" duration="00:00:01.5103870" startTime="2026-04-28T00:39:44.3481995+03:00" endTime="2026-04-28T00:39:44.3481998+03:00" testType="13cdc9d9-ddb5-4fa4-a97d-d965ccfc6d4b" outcome="Passed" testListId="8c84fa94-04c1-424b-9868-57a2d4851a1d" relativeResultsDirectory="256979f7-7e73-4673-afc1-30b3826fafca" />
    <UnitTestResult executionId="254688ad-0bc3-455e-802c-ab325e5d42b0" testId="cf72c5f0-a750-5c20-9914-cced703865ef" testName="SmartphoneStore.IntegrationTests.Smartphone.SmartphonesControllerTests.GetByIdAsync_IfSmartphoneExists_ReturnsOk" computerName="DESKTOP-965REKP" duration="00:00:03.6362784" startTime="2026-04-28T00:39:40.1355007+03:00" endTime="2026-04-28T00:39:40.1355008+03:00" testType="13cdc9d9-ddb5-4fa4-a97d-d965ccfc6d4b" outcome="Passed" testListId="8c84fa94-04c1-424b-9868-57a2d4851a1d" relativeResultsDirectory="254688ad-0bc3-455e-802c-ab325e5d42b0" />
    <UnitTestResult executionId="fabfa083-6e6f-4c69-b936-97912c8c8b57" testId="a21ef896-66e6-2619-ba33-2e43aeb6b2e1" testName="SmartphoneStore.IntegrationTests.Tablet.TabletsControllerTests.CreateAsync_ValidData_ReturnsOkAndMatchesData" computerName="DESKTOP-965REKP" duration="00:00:00.0415757" startTime="2026-04-28T00:39:40.2446673+03:00" endTime="2026-04-28T00:39:40.2446674+03:00" testType="13cdc9d9-ddb5-4fa4-a97d-d965ccfc6d4b" outcome="Passed" testListId="8c84fa94-04c1-424b-9868-57a2d4851a1d" relativeResultsDirectory="fabfa083-6e6f-4c69-b936-97912c8c8b57" />
    <UnitTestResult executionId="7b1f19ba-deaa-4b99-91b4-5c00edca1891" testId="4891f438-9480-6e43-03b7-9cf85c7c0c28" testName="SmartphoneStore.IntegrationTests.Smartphone.SmartphonesControllerTests.UpdateAsync_ValidData_UpdatesRecordAndReturnsOk" computerName="DESKTOP-965REKP" duration="00:00:00.0619249" startTime="2026-04-28T00:39:40.2495183+03:00" endTime="2026-04-28T00:39:40.2495186+03:00" testType="13cdc9d9-ddb5-4fa4-a97d-d965ccfc6d4b" outcome="Passed" testListId="8c84fa94-04c1-424b-9868-57a2d4851a1d" relativeResultsDirectory="7b1f19ba-deaa-4b99-91b4-5c00edca1891" />
    <UnitTestResult executionId="4d3ac6bf-c7a0-4e70-bcb5-df7798bff14e" testId="3413aa81-aeb8-1d97-392f-28a91aa043a2" testName="SmartphoneStore.IntegrationTests.Tablet.TabletsControllerTests.GetByIdAsync_ReturnsOkAndCorrectItem" computerName="DESKTOP-965REKP" duration="00:00:00.0374470" startTime="2026-04-28T00:39:40.3262944+03:00" endTime="2026-04-28T00:39:40.3262947+03:00" testType="13cdc9d9-ddb5-4fa4-a97d-d965ccfc6d4b" outcome="Passed" testListId="8c84fa94-04c1-424b-9868-57a2d4851a1d" relativeResultsDirectory="4d3ac6bf-c7a0-4e70-bcb5-df7798bff14e" />
    <UnitTestResult executionId="3e31e987-d7f2-4551-96a6-cad263d6feaf" testId="80200f80-d0eb-03f8-503d-caa89c1ea6de" testName="SmartphoneStore.IntegrationTests.Smartphone.SmartphonesControllerTests.GetAllAsync_ReturnsPaginatedList" computerName="DESKTOP-965REKP" duration="00:00:00.0535974" startTime="2026-04-28T00:39:40.1874147+03:00" endTime="2026-04-28T00:39:40.1874150+03:00" testType="13cdc9d9-ddb5-4fa4-a97d-d965ccfc6d4b" outcome="Passed" testListId="8c84fa94-04c1-424b-9868-57a2d4851a1d" relativeResultsDirectory="3e31e987-d7f2-4551-96a6-cad263d6feaf" />
    <UnitTestResult executionId="95ebb74d-f3e9-439e-a165-267615b185b1" testId="5e89a1a8-8255-aab6-348d-234387c2cec5" testName="SmartphoneStore.OrchestratorTests.Smartphone.SmartphoneOrchestratorTests.GetByIdAsync_IfSmartphoneExists_ReturnsSmartphone" computerName="DESKTOP-965REKP" duration="00:00:00.0474121" startTime="2026-04-28T00:39:44.3697976+03:00" endTime="2026-04-28T00:39:44.3697981+03:00" testType="13cdc9d9-ddb5-4fa4-a97d-d965ccfc6d4b" outcome="Passed" testListId="8c84fa94-04c1-424b-9868-57a2d4851a1d" relativeResultsDirectory="95ebb74d-f3e9-439e-a165-267615b185b1" />
    <UnitTestResult executionId="d7677f11-29d2-411a-b65e-0a1c1adf931f" testId="7a6a5475-24c3-8db4-3661-03b4a0ad24bb" testName="SmartphoneStore.IntegrationTests.Tablet.TabletsControllerTests.DeleteAsync_ExistingId_ReturnsOkAndDeletedModel" computerName="DESKTOP-965REKP" duration="00:00:00.0691263" startTime="2026-04-28T00:39:40.2029526+03:00" endTime="2026-04-28T00:39:40.2029527+03:00" testType="13cdc9d9-ddb5-4fa4-a97d-d965ccfc6d4b" outcome="Passed" testListId="8c84fa94-04c1-424b-9868-57a2d4851a1d" relativeResultsDirectory="d7677f11-29d2-411a-b65e-0a1c1adf931f" />
    <UnitTestResult executionId="03fbd17e-f5a8-4a0e-a9d2-18f2f7d5984a" testId="75002e25-94a9-f90e-d6cf-49880cb72754" testName="SmartphoneStore.IntegrationTests.Smartphone.SmartphonesControllerTests.CreateAsync_ValidData_ReturnsOkAndCreatesDbRecord" computerName="DESKTOP-965REKP" duration="00:00:00.0371647" startTime="2026-04-28T00:39:40.3222398+03:00" endTime="2026-04-28T00:39:40.3222399+03:00" testType="13cdc9d9-ddb5-4fa4-a97d-d965ccfc6d4b" outcome="Passed" testListId="8c84fa94-04c1-424b-9868-57a2d4851a1d" relativeResultsDirectory="03fbd17e-f5a8-4a0e-a9d2-18f2f7d5984a" />
    <UnitTestResult executionId="58054343-3e77-4c51-a6c4-75e803b0e18b" testId="787e56d3-5053-1b62-46e8-baec410d37e6" testName="SmartphoneStore.OrchestratorTests.Tablet.TabletOrchestratorTests.GetByIdAsync_WhenTabletDoesNotExist_ThrowsEntityNotFoundException" computerName="DESKTOP-965REKP" duration="00:00:01.5060674" startTime="2026-04-28T00:39:44.3439564+03:00" endTime="2026-04-28T00:39:44.3439566+03:00" testType="13cdc9d9-ddb5-4fa4-a97d-d965ccfc6d4b" outcome="Passed" testListId="8c84fa94-04c1-424b-9868-57a2d4851a1d" relativeResultsDirectory="58054343-3e77-4c51-a6c4-75e803b0e18b" />
    <UnitTestResult executionId="6d4cbba5-0c88-4ce5-abb8-10bec2c1dd8a" testId="15462d67-93b2-72f8-6614-ff2e3ee7ea94" testName="SmartphoneStore.IntegrationTests.Smartphone.SmartphonesControllerTests.DeleteAsync_ExistingId_PerformsSoftDelete" computerName="DESKTOP-965REKP" duration="00:00:00.0352794" startTime="2026-04-28T00:39:40.2849566+03:00" endTime="2026-04-28T00:39:40.2849569+03:00" testType="13cdc9d9-ddb5-4fa4-a97d-d965ccfc6d4b" outcome="Passed" testListId="8c84fa94-04c1-424b-9868-57a2d4851a1d" relativeResultsDirectory="6d4cbba5-0c88-4ce5-abb8-10bec2c1dd8a" />
    <UnitTestResult executionId="9d94f8ca-c750-4927-9b6d-8a533106eef3" testId="f02a59d3-8512-a41d-d344-76f8ae739df4" testName="SmartphoneStore.OrchestratorTests.Smartphone.SmartphoneOrchestratorTests.GetByIdAsync_IfSmartphoneDoesntExist_ThrowException" computerName="DESKTOP-965REKP" duration="00:00:01.4795119" startTime="2026-04-28T00:39:44.3227156+03:00" endTime="2026-04-28T00:39:44.3227362+03:00" testType="13cdc9d9-ddb5-4fa4-a97d-d965ccfc6d4b" outcome="Passed" testListId="8c84fa94-04c1-424b-9868-57a2d4851a1d" relativeResultsDirectory="9d94f8ca-c750-4927-9b6d-8a533106eef3" />
    <UnitTestResult executionId="9300c0f0-1446-4058-9f89-733f4aeaa6ef" testId="f3ebb87a-ac9f-03c1-cce9-fcf3bc5f8374" testName="SmartphoneStore.IntegrationTests.Tablet.TabletsControllerTests.GetAllAsync_ReturnsOkAndList" computerName="DESKTOP-965REKP" duration="00:00:03.6362740" startTime="2026-04-28T00:39:40.1327984+03:00" endTime="2026-04-28T00:39:40.1328244+03:00" testType="13cdc9d9-ddb5-4fa4-a97d-d965ccfc6d4b" outcome="Passed" testListId="8c84fa94-04c1-424b-9868-57a2d4851a1d" relativeResultsDirectory="9300c0f0-1446-4058-9f89-733f4aeaa6ef" />
    <UnitTestResult executionId="e3ceabe4-b615-462e-a9d9-54217e1a8862" testId="8f508c5f-360e-0240-1408-19516832e544" testName="SmartphoneStore.IntegrationTests.Tablet.TabletsControllerTests.UpdateAsync_ValidData_ReturnsOkAndUpdatesItem" computerName="DESKTOP-965REKP" duration="00:00:00.0438645" startTime="2026-04-28T00:39:40.2886643+03:00" endTime="2026-04-28T00:39:40.2886644+03:00" testType="13cdc9d9-ddb5-4fa4-a97d-d965ccfc6d4b" outcome="Passed" testListId="8c84fa94-04c1-424b-9868-57a2d4851a1d" relativeResultsDirectory="e3ceabe4-b615-462e-a9d9-54217e1a8862" />
  </Results>
  <TestDefinitions>
    <UnitTest name="SmartphoneStore.IntegrationTests.Tablet.TabletsControllerTests.CreateAsync_ValidData_ReturnsOkAndMatchesData" storage="c:\users\sashk\source\repos\smartphonestore.api\smartphonestore.integrationtests\bin\debug\net8.0\smartphonestore.integrationtests.dll" id="a21ef896-66e6-2619-ba33-2e43aeb6b2e1">
      <Execution id="fabfa083-6e6f-4c69-b936-97912c8c8b57" />
      <TestMethod codeBase="C:\Users\sashk\source\repos\SmartphoneStore.Api\SmartphoneStore.IntegrationTests\bin\Debug\net8.0\SmartphoneStore.IntegrationTests.dll" adapterTypeName="executor://xunit/VsTestRunner2/netcoreapp" className="SmartphoneStore.IntegrationTests.Tablet.TabletsControllerTests" name="CreateAsync_ValidData_ReturnsOkAndMatchesData" />
    </UnitTest>
    <UnitTest name="SmartphoneStore.IntegrationTests.Smartphone.SmartphonesControllerTests.GetAllAsync_ReturnsPaginatedList" storage="c:\users\sashk\source\repos\smartphonestore.api\smartphonestore.integrationtests\bin\debug\net8.0\smartphonestore.integrationtests.dll" id="80200f80-d0eb-03f8-503d-caa89c1ea6de">
      <Execution id="3e31e987-d7f2-4551-96a6-cad263d6feaf" />
      <TestMethod codeBase="C:\Users\sashk\source\repos\SmartphoneStore.Api\SmartphoneStore.IntegrationTests\bin\Debug\net8.0\SmartphoneStore.IntegrationTests.dll" adapterTypeName="executor://xunit/VsTestRunner2/netcoreapp" className="SmartphoneStore.IntegrationTests.Smartphone.SmartphonesControllerTests" name="GetAllAsync_ReturnsPaginatedList" />
    </UnitTest>
    <UnitTest name="SmartphoneStore.IntegrationTests.Smartphone.SmartphonesControllerTests.GetByIdAsync_IfSmartphoneExists_ReturnsOk" storage="c:\users\sashk\source\repos\smartphonestore.api\smartphonestore.integrationtests\bin\debug\net8.0\smartphonestore.integrationtests.dll" id="cf72c5f0-a750-5c20-9914-cced703865ef">
      <Execution id="254688ad-0bc3-455e-802c-ab325e5d42b0" />
      <TestMethod codeBase="C:\Users\sashk\source\repos\SmartphoneStore.Api\SmartphoneStore.IntegrationTests\bin\Debug\net8.0\SmartphoneStore.IntegrationTests.dll" adapterTypeName="executor://xunit/VsTestRunner2/netcoreapp" className="SmartphoneStore.IntegrationTests.Smartphone.SmartphonesControllerTests" name="GetByIdAsync_IfSmartphoneExists_ReturnsOk" />
    </UnitTest>
    <UnitTest name="SmartphoneStore.OrchestratorTests.TabletSmartphone.TabletSmartphoneOrchestratorTests.CreateLinkAsync_ShouldThrowEntityNotFoundException_WhenTabletDoesNotExist" storage="c:\users\sashk\source\repos\smartphonestore.api\smartphonestore.orchestratortests\bin\debug\net8.0\smartphonestore.orchestratortests.dll" id="19c073f6-b690-3b75-7ae8-fcfd4e7ff9b5">
      <Execution id="256979f7-7e73-4673-afc1-30b3826fafca" />
      <TestMethod codeBase="C:\Users\sashk\source\repos\SmartphoneStore.Api\SmartphoneStore.OrchestratorTests\bin\Debug\net8.0\SmartphoneStore.OrchestratorTests.dll" adapterTypeName="executor://xunit/VsTestRunner2/netcoreapp" className="SmartphoneStore.OrchestratorTests.TabletSmartphone.TabletSmartphoneOrchestratorTests" name="CreateLinkAsync_ShouldThrowEntityNotFoundException_WhenTabletDoesNotExist" />
    </UnitTest>
    <UnitTest name="SmartphoneStore.IntegrationTests.Tablet.TabletsControllerTests.GetAllAsync_ReturnsOkAndList" storage="c:\users\sashk\source\repos\smartphonestore.api\smartphonestore.integrationtests\bin\debug\net8.0\smartphonestore.integrationtests.dll" id="f3ebb87a-ac9f-03c1-cce9-fcf3bc5f8374">
      <Execution id="9300c0f0-1446-4058-9f89-733f4aeaa6ef" />
      <TestMethod codeBase="C:\Users\sashk\source\repos\SmartphoneStore.Api\SmartphoneStore.IntegrationTests\bin\Debug\net8.0\SmartphoneStore.IntegrationTests.dll" adapterTypeName="executor://xunit/VsTestRunner2/netcoreapp" className="SmartphoneStore.IntegrationTests.Tablet.TabletsControllerTests" name="GetAllAsync_ReturnsOkAndList" />
    </UnitTest>
    <UnitTest name="SmartphoneStore.OrchestratorTests.Smartphone.SmartphoneOrchestratorTests.GetByIdAsync_IfSmartphoneDoesntExist_ThrowException" storage="c:\users\sashk\source\repos\smartphonestore.api\smartphonestore.orchestratortests\bin\debug\net8.0\smartphonestore.orchestratortests.dll" id="f02a59d3-8512-a41d-d344-76f8ae739df4">
      <Execution id="9d94f8ca-c750-4927-9b6d-8a533106eef3" />
      <TestMethod codeBase="C:\Users\sashk\source\repos\SmartphoneStore.Api\SmartphoneStore.OrchestratorTests\bin\Debug\net8.0\SmartphoneStore.OrchestratorTests.dll" adapterTypeName="executor://xunit/VsTestRunner2/netcoreapp" className="SmartphoneStore.OrchestratorTests.Smartphone.SmartphoneOrchestratorTests" name="GetByIdAsync_IfSmartphoneDoesntExist_ThrowException" />
    </UnitTest>
    <UnitTest name="SmartphoneStore.IntegrationTests.Smartphone.SmartphonesControllerTests.UpdateAsync_ValidData_UpdatesRecordAndReturnsOk" storage="c:\users\sashk\source\repos\smartphonestore.api\smartphonestore.integrationtests\bin\debug\net8.0\smartphonestore.integrationtests.dll" id="4891f438-9480-6e43-03b7-9cf85c7c0c28">
      <Execution id="7b1f19ba-deaa-4b99-91b4-5c00edca1891" />
      <TestMethod codeBase="C:\Users\sashk\source\repos\SmartphoneStore.Api\SmartphoneStore.IntegrationTests\bin\Debug\net8.0\SmartphoneStore.IntegrationTests.dll" adapterTypeName="executor://xunit/VsTestRunner2/netcoreapp" className="SmartphoneStore.IntegrationTests.Smartphone.SmartphonesControllerTests" name="UpdateAsync_ValidData_UpdatesRecordAndReturnsOk" />
    </UnitTest>
    <UnitTest name="SmartphoneStore.IntegrationTests.Tablet.TabletsControllerTests.DeleteAsync_ExistingId_ReturnsOkAndDeletedModel" storage="c:\users\sashk\source\repos\smartphonestore.api\smartphonestore.integrationtests\bin\debug\net8.0\smartphonestore.integrationtests.dll" id="7a6a5475-24c3-8db4-3661-03b4a0ad24bb">
      <Execution id="d7677f11-29d2-411a-b65e-0a1c1adf931f" />
      <TestMethod codeBase="C:\Users\sashk\source\repos\SmartphoneStore.Api\SmartphoneStore.IntegrationTests\bin\Debug\net8.0\SmartphoneStore.IntegrationTests.dll" adapterTypeName="executor://xunit/VsTestRunner2/netcoreapp" className="SmartphoneStore.IntegrationTests.Tablet.TabletsControllerTests" name="DeleteAsync_ExistingId_ReturnsOkAndDeletedModel" />
    </UnitTest>
    <UnitTest name="SmartphoneStore.IntegrationTests.Tablet.TabletsControllerTests.UpdateAsync_ValidData_ReturnsOkAndUpdatesItem" storage="c:\users\sashk\source\repos\smartphonestore.api\smartphonestore.integrationtests\bin\debug\net8.0\smartphonestore.integrationtests.dll" id="8f508c5f-360e-0240-1408-19516832e544">
      <Execution id="e3ceabe4-b615-462e-a9d9-54217e1a8862" />
      <TestMethod codeBase="C:\Users\sashk\source\repos\SmartphoneStore.Api\SmartphoneStore.IntegrationTests\bin\Debug\net8.0\SmartphoneStore.IntegrationTests.dll" adapterTypeName="executor://xunit/VsTestRunner2/netcoreapp" className="SmartphoneStore.IntegrationTests.Tablet.TabletsControllerTests" name="UpdateAsync_ValidData_ReturnsOkAndUpdatesItem" />
    </UnitTest>
    <UnitTest name="SmartphoneStore.OrchestratorTests.Smartphone.SmartphoneOrchestratorTests.GetByIdAsync_IfSmartphoneExists_ReturnsSmartphone" storage="c:\users\sashk\source\repos\smartphonestore.api\smartphonestore.orchestratortests\bin\debug\net8.0\smartphonestore.orchestratortests.dll" id="5e89a1a8-8255-aab6-348d-234387c2cec5">
      <Execution id="95ebb74d-f3e9-439e-a165-267615b185b1" />
      <TestMethod codeBase="C:\Users\sashk\source\repos\SmartphoneStore.Api\SmartphoneStore.OrchestratorTests\bin\Debug\net8.0\SmartphoneStore.OrchestratorTests.dll" adapterTypeName="executor://xunit/VsTestRunner2/netcoreapp" className="SmartphoneStore.OrchestratorTests.Smartphone.SmartphoneOrchestratorTests" name="GetByIdAsync_IfSmartphoneExists_ReturnsSmartphone" />
    </UnitTest>
    <UnitTest name="SmartphoneStore.IntegrationTests.Smartphone.SmartphonesControllerTests.DeleteAsync_ExistingId_PerformsSoftDelete" storage="c:\users\sashk\source\repos\smartphonestore.api\smartphonestore.integrationtests\bin\debug\net8.0\smartphonestore.integrationtests.dll" id="15462d67-93b2-72f8-6614-ff2e3ee7ea94">
      <Execution id="6d4cbba5-0c88-4ce5-abb8-10bec2c1dd8a" />
      <TestMethod codeBase="C:\Users\sashk\source\repos\SmartphoneStore.Api\SmartphoneStore.IntegrationTests\bin\Debug\net8.0\SmartphoneStore.IntegrationTests.dll" adapterTypeName="executor://xunit/VsTestRunner2/netcoreapp" className="SmartphoneStore.IntegrationTests.Smartphone.SmartphonesControllerTests" name="DeleteAsync_ExistingId_PerformsSoftDelete" />
    </UnitTest>
    <UnitTest name="SmartphoneStore.IntegrationTests.Tablet.TabletsControllerTests.GetByIdAsync_ReturnsOkAndCorrectItem" storage="c:\users\sashk\source\repos\smartphonestore.api\smartphonestore.integrationtests\bin\debug\net8.0\smartphonestore.integrationtests.dll" id="3413aa81-aeb8-1d97-392f-28a91aa043a2">
      <Execution id="4d3ac6bf-c7a0-4e70-bcb5-df7798bff14e" />
      <TestMethod codeBase="C:\Users\sashk\source\repos\SmartphoneStore.Api\SmartphoneStore.IntegrationTests\bin\Debug\net8.0\SmartphoneStore.IntegrationTests.dll" adapterTypeName="executor://xunit/VsTestRunner2/netcoreapp" className="SmartphoneStore.IntegrationTests.Tablet.TabletsControllerTests" name="GetByIdAsync_ReturnsOkAndCorrectItem" />
    </UnitTest>
    <UnitTest name="SmartphoneStore.IntegrationTests.Smartphone.SmartphonesControllerTests.CreateAsync_ValidData_ReturnsOkAndCreatesDbRecord" storage="c:\users\sashk\source\repos\smartphonestore.api\smartphonestore.integrationtests\bin\debug\net8.0\smartphonestore.integrationtests.dll" id="75002e25-94a9-f90e-d6cf-49880cb72754">
      <Execution id="03fbd17e-f5a8-4a0e-a9d2-18f2f7d5984a" />
      <TestMethod codeBase="C:\Users\sashk\source\repos\SmartphoneStore.Api\SmartphoneStore.IntegrationTests\bin\Debug\net8.0\SmartphoneStore.IntegrationTests.dll" adapterTypeName="executor://xunit/VsTestRunner2/netcoreapp" className="SmartphoneStore.IntegrationTests.Smartphone.SmartphonesControllerTests" name="CreateAsync_ValidData_ReturnsOkAndCreatesDbRecord" />
    </UnitTest>
    <UnitTest name="SmartphoneStore.OrchestratorTests.Tablet.TabletOrchestratorTests.GetByIdAsync_WhenTabletDoesNotExist_ThrowsEntityNotFoundException" storage="c:\users\sashk\source\repos\smartphonestore.api\smartphonestore.orchestratortests\bin\debug\net8.0\smartphonestore.orchestratortests.dll" id="787e56d3-5053-1b62-46e8-baec410d37e6">
      <Execution id="58054343-3e77-4c51-a6c4-75e803b0e18b" />
      <TestMethod codeBase="C:\Users\sashk\source\repos\SmartphoneStore.Api\SmartphoneStore.OrchestratorTests\bin\Debug\net8.0\SmartphoneStore.OrchestratorTests.dll" adapterTypeName="executor://xunit/VsTestRunner2/netcoreapp" className="SmartphoneStore.OrchestratorTests.Tablet.TabletOrchestratorTests" name="GetByIdAsync_WhenTabletDoesNotExist_ThrowsEntityNotFoundException" />
    </UnitTest>
  </TestDefinitions>
  <TestEntries>
    <TestEntry testId="19c073f6-b690-3b75-7ae8-fcfd4e7ff9b5" executionId="256979f7-7e73-4673-afc1-30b3826fafca" testListId="8c84fa94-04c1-424b-9868-57a2d4851a1d" />
    <TestEntry testId="cf72c5f0-a750-5c20-9914-cced703865ef" executionId="254688ad-0bc3-455e-802c-ab325e5d42b0" testListId="8c84fa94-04c1-424b-9868-57a2d4851a1d" />
    <TestEntry testId="a21ef896-66e6-2619-ba33-2e43aeb6b2e1" executionId="fabfa083-6e6f-4c69-b936-97912c8c8b57" testListId="8c84fa94-04c1-424b-9868-57a2d4851a1d" />
    <TestEntry testId="4891f438-9480-6e43-03b7-9cf85c7c0c28" executionId="7b1f19ba-deaa-4b99-91b4-5c00edca1891" testListId="8c84fa94-04c1-424b-9868-57a2d4851a1d" />
    <TestEntry testId="3413aa81-aeb8-1d97-392f-28a91aa043a2" executionId="4d3ac6bf-c7a0-4e70-bcb5-df7798bff14e" testListId="8c84fa94-04c1-424b-9868-57a2d4851a1d" />
    <TestEntry testId="80200f80-d0eb-03f8-503d-caa89c1ea6de" executionId="3e31e987-d7f2-4551-96a6-cad263d6feaf" testListId="8c84fa94-04c1-424b-9868-57a2d4851a1d" />
    <TestEntry testId="5e89a1a8-8255-aab6-348d-234387c2cec5" executionId="95ebb74d-f3e9-439e-a165-267615b185b1" testListId="8c84fa94-04c1-424b-9868-57a2d4851a1d" />
    <TestEntry testId="7a6a5475-24c3-8db4-3661-03b4a0ad24bb" executionId="d7677f11-29d2-411a-b65e-0a1c1adf931f" testListId="8c84fa94-04c1-424b-9868-57a2d4851a1d" />
    <TestEntry testId="75002e25-94a9-f90e-d6cf-49880cb72754" executionId="03fbd17e-f5a8-4a0e-a9d2-18f2f7d5984a" testListId="8c84fa94-04c1-424b-9868-57a2d4851a1d" />
    <TestEntry testId="787e56d3-5053-1b62-46e8-baec410d37e6" executionId="58054343-3e77-4c51-a6c4-75e803b0e18b" testListId="8c84fa94-04c1-424b-9868-57a2d4851a1d" />
    <TestEntry testId="15462d67-93b2-72f8-6614-ff2e3ee7ea94" executionId="6d4cbba5-0c88-4ce5-abb8-10bec2c1dd8a" testListId="8c84fa94-04c1-424b-9868-57a2d4851a1d" />
    <TestEntry testId="f02a59d3-8512-a41d-d344-76f8ae739df4" executionId="9d94f8ca-c750-4927-9b6d-8a533106eef3" testListId="8c84fa94-04c1-424b-9868-57a2d4851a1d" />
    <TestEntry testId="f3ebb87a-ac9f-03c1-cce9-fcf3bc5f8374" executionId="9300c0f0-1446-4058-9f89-733f4aeaa6ef" testListId="8c84fa94-04c1-424b-9868-57a2d4851a1d" />
    <TestEntry testId="8f508c5f-360e-0240-1408-19516832e544" executionId="e3ceabe4-b615-462e-a9d9-54217e1a8862" testListId="8c84fa94-04c1-424b-9868-57a2d4851a1d" />
  </TestEntries>
  <TestLists>
    <TestList name="Results Not in a List" id="8c84fa94-04c1-424b-9868-57a2d4851a1d" />
    <TestList name="All Loaded Results" id="19431567-8539-422a-85d7-44ee4e166bda" />
  </TestLists>
  <ResultSummary outcome="Completed">
    <Counters total="14" executed="14" passed="14" failed="0" error="0" timeout="0" aborted="0" inconclusive="0" passedButRunAborted="0" notRunnable="0" notExecuted="0" disconnected="0" warning="0" completed="0" inProgress="0" pending="0" />
    <Output>
      <StdOut>[xUnit.net 00:00:00.00] xUnit.net VSTest Adapter v2.5.3.1+6b60a9e56a (64-bit .NET 8.0.25)&#xD;
[xUnit.net 00:00:01.60]   Starting:    SmartphoneStore.IntegrationTests&#xD;
     Warning:&#xD;
     The component "Fluent Assertions" is governed by the rules defined in the Xceed License Agreement and&#xD;
     the Xceed Fluent Assertions Community License. You may use Fluent Assertions free of charge for&#xD;
     non-commercial use only. An active subscription is required to use Fluent Assertions for commercial use.&#xD;
     Please contact Xceed Sales mailto:sales@xceed.com to acquire a subscription at a very low cost.&#xD;
     A paid commercial license supports the development and continued increasing support of&#xD;
     Fluent Assertions users under both commercial and community licenses. Help us&#xD;
     keep Fluent Assertions at the forefront of unit testing.&#xD;
     For more information, visit https://xceed.com/products/unit-testing/fluent-assertions/&#xD;
[xUnit.net 00:00:05.49]   Finished:    SmartphoneStore.IntegrationTests&#xD;
[xUnit.net 00:00:00.00] xUnit.net VSTest Adapter v2.5.3.1+6b60a9e56a (64-bit .NET 8.0.25)&#xD;
[xUnit.net 00:00:01.51]   Starting:    SmartphoneStore.OrchestratorTests&#xD;
     Warning:&#xD;
     The component "Fluent Assertions" is governed by the rules defined in the Xceed License Agreement and&#xD;
     the Xceed Fluent Assertions Community License. You may use Fluent Assertions free of charge for&#xD;
     non-commercial use only. An active subscription is required to use Fluent Assertions for commercial use.&#xD;
     Please contact Xceed Sales mailto:sales@xceed.com to acquire a subscription at a very low cost.&#xD;
     A paid commercial license supports the development and continued increasing support of&#xD;
     Fluent Assertions users under both commercial and community licenses. Help us&#xD;
     keep Fluent Assertions at the forefront of unit testing.&#xD;
     For more information, visit https://xceed.com/products/unit-testing/fluent-assertions/&#xD;
[xUnit.net 00:00:03.09]   Finished:    SmartphoneStore.OrchestratorTests&#xD;
</StdOut>
    </Output>
  </ResultSummary>
</TestRun>