<?xml version="1.0" encoding="utf-8"?>
<TestRun id="2ac681b5-bce9-4448-a91b-21b84af0f612" name="sashk@DESKTOP-965REKP 2026-03-21 20:15:49" runUser="DESKTOP-965REKP\sashk" xmlns="http://microsoft.com/schemas/VisualStudio/TeamTest/2010">
  <Times creation="2026-03-21T20:15:49.6850910+02:00" queuing="2026-03-21T20:15:49.6850910+02:00" start="2026-03-21T20:15:48.0140671+02:00" finish="2026-03-21T20:15:50.2931115+02:00" />
  <TestSettings name="default" id="56a6ef47-1f9e-4903-b7b0-852493030e26">
    <Deployment runDeploymentRoot="sashk_DESKTOP-965REKP_2026-03-21_20_15_49" />
  </TestSettings>
  <Results>
    <UnitTestResult executionId="fa100a0b-b9e9-47d1-abfb-fdacbb5b8e66" testId="f02a59d3-8512-a41d-d344-76f8ae739df4" testName="SmartphoneStore.OrchestratorTests.Smartphone.SmartphoneOrchestratorTests.GetByIdAsync_IfSmartphoneDoesntExist_ThrowException" computerName="DESKTOP-965REKP" duration="00:00:00.0655710" startTime="2026-03-21T20:15:50.1819309+02:00" endTime="2026-03-21T20:15:50.1819517+02:00" testType="13cdc9d9-ddb5-4fa4-a97d-d965ccfc6d4b" outcome="Passed" testListId="8c84fa94-04c1-424b-9868-57a2d4851a1d" relativeResultsDirectory="fa100a0b-b9e9-47d1-abfb-fdacbb5b8e66" />
    <UnitTestResult executionId="ac7ee207-9577-46b9-acbb-cd0f980eb1da" testId="75002e25-94a9-f90e-d6cf-49880cb72754" testName="SmartphoneStore.IntegrationTests.Smartphone.SmartphonesControllerTests.CreateAsync_ValidData_ReturnsOkAndCreatesDbRecord" computerName="DESKTOP-965REKP" duration="00:00:00.0337984" startTime="2026-03-21T20:15:49.6271592+02:00" endTime="2026-03-21T20:15:49.6271594+02:00" testType="13cdc9d9-ddb5-4fa4-a97d-d965ccfc6d4b" outcome="Passed" testListId="8c84fa94-04c1-424b-9868-57a2d4851a1d" relativeResultsDirectory="ac7ee207-9577-46b9-acbb-cd0f980eb1da" />
    <UnitTestResult executionId="5a25ecec-5d27-4f1f-a5e4-bb7c07d9370a" testId="cf72c5f0-a750-5c20-9914-cced703865ef" testName="SmartphoneStore.IntegrationTests.Smartphone.SmartphonesControllerTests.GetByIdAsync_IfSmartphoneExists_ReturnsOk" computerName="DESKTOP-965REKP" duration="00:00:00.9935997" startTime="2026-03-21T20:15:49.4472156+02:00" endTime="2026-03-21T20:15:49.4472344+02:00" testType="13cdc9d9-ddb5-4fa4-a97d-d965ccfc6d4b" outcome="Passed" testListId="8c84fa94-04c1-424b-9868-57a2d4851a1d" relativeResultsDirectory="5a25ecec-5d27-4f1f-a5e4-bb7c07d9370a" />
    <UnitTestResult executionId="4c4c9558-3380-464e-a501-9aa0889726af" testId="15462d67-93b2-72f8-6614-ff2e3ee7ea94" testName="SmartphoneStore.IntegrationTests.Smartphone.SmartphonesControllerTests.DeleteAsync_ExistingId_PerformsSoftDelete" computerName="DESKTOP-965REKP" duration="00:00:00.0579601" startTime="2026-03-21T20:15:49.5932363+02:00" endTime="2026-03-21T20:15:49.5932364+02:00" testType="13cdc9d9-ddb5-4fa4-a97d-d965ccfc6d4b" outcome="Passed" testListId="8c84fa94-04c1-424b-9868-57a2d4851a1d" relativeResultsDirectory="4c4c9558-3380-464e-a501-9aa0889726af" />
    <UnitTestResult executionId="b6fd718e-bd4e-43a6-b50e-62f498e8ac49" testId="4891f438-9480-6e43-03b7-9cf85c7c0c28" testName="SmartphoneStore.IntegrationTests.Smartphone.SmartphonesControllerTests.UpdateAsync_ValidData_UpdatesRecordAndReturnsOk" computerName="DESKTOP-965REKP" duration="00:00:00.0871339" startTime="2026-03-21T20:15:49.5351831+02:00" endTime="2026-03-21T20:15:49.5351834+02:00" testType="13cdc9d9-ddb5-4fa4-a97d-d965ccfc6d4b" outcome="Passed" testListId="8c84fa94-04c1-424b-9868-57a2d4851a1d" relativeResultsDirectory="b6fd718e-bd4e-43a6-b50e-62f498e8ac49" />
    <UnitTestResult executionId="f5b725e4-c149-4936-849b-a749d500f0ca" testId="5e89a1a8-8255-aab6-348d-234387c2cec5" testName="SmartphoneStore.OrchestratorTests.Smartphone.SmartphoneOrchestratorTests.GetByIdAsync_IfSmartphoneExists_ReturnsSmartphone" computerName="DESKTOP-965REKP" duration="00:00:00.0503082" startTime="2026-03-21T20:15:50.2318089+02:00" endTime="2026-03-21T20:15:50.2318091+02:00" testType="13cdc9d9-ddb5-4fa4-a97d-d965ccfc6d4b" outcome="Passed" testListId="8c84fa94-04c1-424b-9868-57a2d4851a1d" relativeResultsDirectory="f5b725e4-c149-4936-849b-a749d500f0ca" />
  </Results>
  <TestDefinitions>
    <UnitTest name="SmartphoneStore.IntegrationTests.Smartphone.SmartphonesControllerTests.DeleteAsync_ExistingId_PerformsSoftDelete" storage="c:\users\sashk\source\repos\smartphonestore.api\smartphonestore.integrationtests\bin\debug\net8.0\smartphonestore.integrationtests.dll" id="15462d67-93b2-72f8-6614-ff2e3ee7ea94">
      <Execution id="4c4c9558-3380-464e-a501-9aa0889726af" />
      <TestMethod codeBase="C:\Users\sashk\source\repos\SmartphoneStore.Api\SmartphoneStore.IntegrationTests\bin\Debug\net8.0\SmartphoneStore.IntegrationTests.dll" adapterTypeName="executor://xunit/VsTestRunner2/netcoreapp" className="SmartphoneStore.IntegrationTests.Smartphone.SmartphonesControllerTests" name="DeleteAsync_ExistingId_PerformsSoftDelete" />
    </UnitTest>
    <UnitTest name="SmartphoneStore.IntegrationTests.Smartphone.SmartphonesControllerTests.CreateAsync_ValidData_ReturnsOkAndCreatesDbRecord" storage="c:\users\sashk\source\repos\smartphonestore.api\smartphonestore.integrationtests\bin\debug\net8.0\smartphonestore.integrationtests.dll" id="75002e25-94a9-f90e-d6cf-49880cb72754">
      <Execution id="ac7ee207-9577-46b9-acbb-cd0f980eb1da" />
      <TestMethod codeBase="C:\Users\sashk\source\repos\SmartphoneStore.Api\SmartphoneStore.IntegrationTests\bin\Debug\net8.0\SmartphoneStore.IntegrationTests.dll" adapterTypeName="executor://xunit/VsTestRunner2/netcoreapp" className="SmartphoneStore.IntegrationTests.Smartphone.SmartphonesControllerTests" name="CreateAsync_ValidData_ReturnsOkAndCreatesDbRecord" />
    </UnitTest>
    <UnitTest name="SmartphoneStore.IntegrationTests.Smartphone.SmartphonesControllerTests.GetByIdAsync_IfSmartphoneExists_ReturnsOk" storage="c:\users\sashk\source\repos\smartphonestore.api\smartphonestore.integrationtests\bin\debug\net8.0\smartphonestore.integrationtests.dll" id="cf72c5f0-a750-5c20-9914-cced703865ef">
      <Execution id="5a25ecec-5d27-4f1f-a5e4-bb7c07d9370a" />
      <TestMethod codeBase="C:\Users\sashk\source\repos\SmartphoneStore.Api\SmartphoneStore.IntegrationTests\bin\Debug\net8.0\SmartphoneStore.IntegrationTests.dll" adapterTypeName="executor://xunit/VsTestRunner2/netcoreapp" className="SmartphoneStore.IntegrationTests.Smartphone.SmartphonesControllerTests" name="GetByIdAsync_IfSmartphoneExists_ReturnsOk" />
    </UnitTest>
    <UnitTest name="SmartphoneStore.OrchestratorTests.Smartphone.SmartphoneOrchestratorTests.GetByIdAsync_IfSmartphoneDoesntExist_ThrowException" storage="c:\users\sashk\source\repos\smartphonestore.api\smartphonestore.orchestratortests\bin\debug\net8.0\smartphonestore.orchestratortests.dll" id="f02a59d3-8512-a41d-d344-76f8ae739df4">
      <Execution id="fa100a0b-b9e9-47d1-abfb-fdacbb5b8e66" />
      <TestMethod codeBase="C:\Users\sashk\source\repos\SmartphoneStore.Api\SmartphoneStore.OrchestratorTests\bin\Debug\net8.0\SmartphoneStore.OrchestratorTests.dll" adapterTypeName="executor://xunit/VsTestRunner2/netcoreapp" className="SmartphoneStore.OrchestratorTests.Smartphone.SmartphoneOrchestratorTests" name="GetByIdAsync_IfSmartphoneDoesntExist_ThrowException" />
    </UnitTest>
    <UnitTest name="SmartphoneStore.IntegrationTests.Smartphone.SmartphonesControllerTests.UpdateAsync_ValidData_UpdatesRecordAndReturnsOk" storage="c:\users\sashk\source\repos\smartphonestore.api\smartphonestore.integrationtests\bin\debug\net8.0\smartphonestore.integrationtests.dll" id="4891f438-9480-6e43-03b7-9cf85c7c0c28">
      <Execution id="b6fd718e-bd4e-43a6-b50e-62f498e8ac49" />
      <TestMethod codeBase="C:\Users\sashk\source\repos\SmartphoneStore.Api\SmartphoneStore.IntegrationTests\bin\Debug\net8.0\SmartphoneStore.IntegrationTests.dll" adapterTypeName="executor://xunit/VsTestRunner2/netcoreapp" className="SmartphoneStore.IntegrationTests.Smartphone.SmartphonesControllerTests" name="UpdateAsync_ValidData_UpdatesRecordAndReturnsOk" />
    </UnitTest>
    <UnitTest name="SmartphoneStore.OrchestratorTests.Smartphone.SmartphoneOrchestratorTests.GetByIdAsync_IfSmartphoneExists_ReturnsSmartphone" storage="c:\users\sashk\source\repos\smartphonestore.api\smartphonestore.orchestratortests\bin\debug\net8.0\smartphonestore.orchestratortests.dll" id="5e89a1a8-8255-aab6-348d-234387c2cec5">
      <Execution id="f5b725e4-c149-4936-849b-a749d500f0ca" />
      <TestMethod codeBase="C:\Users\sashk\source\repos\SmartphoneStore.Api\SmartphoneStore.OrchestratorTests\bin\Debug\net8.0\SmartphoneStore.OrchestratorTests.dll" adapterTypeName="executor://xunit/VsTestRunner2/netcoreapp" className="SmartphoneStore.OrchestratorTests.Smartphone.SmartphoneOrchestratorTests" name="GetByIdAsync_IfSmartphoneExists_ReturnsSmartphone" />
    </UnitTest>
  </TestDefinitions>
  <TestEntries>
    <TestEntry testId="f02a59d3-8512-a41d-d344-76f8ae739df4" executionId="fa100a0b-b9e9-47d1-abfb-fdacbb5b8e66" testListId="8c84fa94-04c1-424b-9868-57a2d4851a1d" />
    <TestEntry testId="75002e25-94a9-f90e-d6cf-49880cb72754" executionId="ac7ee207-9577-46b9-acbb-cd0f980eb1da" testListId="8c84fa94-04c1-424b-9868-57a2d4851a1d" />
    <TestEntry testId="cf72c5f0-a750-5c20-9914-cced703865ef" executionId="5a25ecec-5d27-4f1f-a5e4-bb7c07d9370a" testListId="8c84fa94-04c1-424b-9868-57a2d4851a1d" />
    <TestEntry testId="15462d67-93b2-72f8-6614-ff2e3ee7ea94" executionId="4c4c9558-3380-464e-a501-9aa0889726af" testListId="8c84fa94-04c1-424b-9868-57a2d4851a1d" />
    <TestEntry testId="4891f438-9480-6e43-03b7-9cf85c7c0c28" executionId="b6fd718e-bd4e-43a6-b50e-62f498e8ac49" testListId="8c84fa94-04c1-424b-9868-57a2d4851a1d" />
    <TestEntry testId="5e89a1a8-8255-aab6-348d-234387c2cec5" executionId="f5b725e4-c149-4936-849b-a749d500f0ca" testListId="8c84fa94-04c1-424b-9868-57a2d4851a1d" />
  </TestEntries>
  <TestLists>
    <TestList name="Results Not in a List" id="8c84fa94-04c1-424b-9868-57a2d4851a1d" />
    <TestList name="All Loaded Results" id="19431567-8539-422a-85d7-44ee4e166bda" />
  </TestLists>
  <ResultSummary outcome="Completed">
    <Counters total="6" executed="6" passed="6" failed="0" error="0" timeout="0" aborted="0" inconclusive="0" passedButRunAborted="0" notRunnable="0" notExecuted="0" disconnected="0" warning="0" completed="0" inProgress="0" pending="0" />
    <Output>
      <StdOut>[xUnit.net 00:00:00.00] xUnit.net VSTest Adapter v2.5.3.1+6b60a9e56a (64-bit .NET 8.0.25)&#xD;
[xUnit.net 00:00:00.07]   Starting:    SmartphoneStore.IntegrationTests&#xD;
     Warning:&#xD;
     The component "Fluent Assertions" is governed by the rules defined in the Xceed License Agreement and&#xD;
     the Xceed Fluent Assertions Community License. You may use Fluent Assertions free of charge for&#xD;
     non-commercial use only. An active subscription is required to use Fluent Assertions for commercial use.&#xD;
     Please contact Xceed Sales mailto:sales@xceed.com to acquire a subscription at a very low cost.&#xD;
     A paid commercial license supports the development and continued increasing support of&#xD;
     Fluent Assertions users under both commercial and community licenses. Help us&#xD;
     keep Fluent Assertions at the forefront of unit testing.&#xD;
     For more information, visit https://xceed.com/products/unit-testing/fluent-assertions/&#xD;
[xUnit.net 00:00:01.30]   Finished:    SmartphoneStore.IntegrationTests&#xD;
[xUnit.net 00:00:00.00] xUnit.net VSTest Adapter v2.5.3.1+6b60a9e56a (64-bit .NET 8.0.25)&#xD;
[xUnit.net 00:00:00.07]   Starting:    SmartphoneStore.OrchestratorTests&#xD;
     Warning:&#xD;
     The component "Fluent Assertions" is governed by the rules defined in the Xceed License Agreement and&#xD;
     the Xceed Fluent Assertions Community License. You may use Fluent Assertions free of charge for&#xD;
     non-commercial use only. An active subscription is required to use Fluent Assertions for commercial use.&#xD;
     Please contact Xceed Sales mailto:sales@xceed.com to acquire a subscription at a very low cost.&#xD;
     A paid commercial license supports the development and continued increasing support of&#xD;
     Fluent Assertions users under both commercial and community licenses. Help us&#xD;
     keep Fluent Assertions at the forefront of unit testing.&#xD;
     For more information, visit https://xceed.com/products/unit-testing/fluent-assertions/&#xD;
[xUnit.net 00:00:00.23]   Finished:    SmartphoneStore.OrchestratorTests&#xD;
</StdOut>
    </Output>
  </ResultSummary>
</TestRun>